<?xml version="1.0" encoding="UTF-8"?>
<testng-results skipped="0" failed="0" ignored="0" total="1" passed="1">
  <reporter-output>
  </reporter-output>
  <suite name="Default suite" duration-ms="49642" started-at="2018-04-22T15:04:52Z" finished-at="2018-04-22T15:05:42Z">
    <groups>
    </groups>
    <test name="Default test" duration-ms="49642" started-at="2018-04-22T15:04:52Z" finished-at="2018-04-22T15:05:42Z">
      <class name="api.UploadExcel_test">
        <test-method status="PASS" signature="uploadExcel()[pri:0, instance:api.UploadExcel_test@1183b20]" name="uploadExcel" duration-ms="49585" started-at="2018-04-22T20:34:52Z" finished-at="2018-04-22T20:35:42Z">
          <reporter-output>
          </reporter-output>
        </test-method> <!-- uploadExcel -->
      </class> <!-- api.UploadExcel_test -->
    </test> <!-- Default test -->
  </suite> <!-- Default suite -->
</testng-results>
